<?xml version="1.0" encoding="UTF-8"?>
<!-- Generated by org.testng.reporters.JUnitReportReporter -->
<testsuite skipped="0" hostname="EKT1614245MAC.local" name="com.qaminds.testget_apptive.IntroductionTest" tests="1" failures="0" timestamp="2019-11-09T12:12:20 CST" time="2.747" errors="0">
  <testcase name="validationTest" time="2.747" classname="com.qaminds.testget_apptive.IntroductionTest"/>
</testsuite> <!-- com.qaminds.testget_apptive.IntroductionTest -->
