<?xml version="1.0" encoding="UTF-8"?>
<!-- Generated by org.testng.reporters.JUnitReportReporter -->
<testsuite skipped="0" hostname="EKT1614245MAC.local" name="com.qaminds.testget_apptive.RegistroTest" tests="1" failures="0" timestamp="2019-11-23T13:12:31 CST" time="10.938" errors="0">
  <testcase name="validationTest" time="10.938" classname="com.qaminds.testget_apptive.RegistroTest"/>
</testsuite> <!-- com.qaminds.testget_apptive.RegistroTest -->
