<?xml version="1.0" encoding="UTF-8"?>
<!-- Generated by org.testng.reporters.JUnitReportReporter -->
<testsuite skipped="0" hostname="EKT1614245MAC.local" name="com.qaminds.testget_apptive.IntroductionTest" tests="4" failures="0" timestamp="2019-11-23T13:12:01 CST" time="4.784" errors="0">
  <testcase name="validationTestIntroduction3" time="0.859" classname="com.qaminds.testget_apptive.IntroductionTest"/>
  <testcase name="validationTestIntroduction2" time="0.960" classname="com.qaminds.testget_apptive.IntroductionTest"/>
  <testcase name="validationTestIntroduction4" time="0.987" classname="com.qaminds.testget_apptive.IntroductionTest"/>
  <testcase name="validationTestIntroduction1" time="1.978" classname="com.qaminds.testget_apptive.IntroductionTest"/>
</testsuite> <!-- com.qaminds.testget_apptive.IntroductionTest -->
